# JRE version: OpenJDK Runtime Environment Microsoft-25199 (11.0.12+7) (build 11.0.12+7)
# Java VM: OpenJDK 64-Bit Server VM Microsoft-25199 (11.0.12+7, mixed mode, tiered, compressed oops, g1 gc, windows-amd64)
Heap:
 garbage-first heap   total 258048K, used 163785K [0x0000000080000000, 0x0000000100000000)
  region size 1024K, 85 young (87040K), 7 survivors (7168K)
 Metaspace       used 127320K, capacity 129558K, committed 129668K, reserved 1163264K
  class space    used 15431K, capacity 16343K, committed 16384K, reserved 1048576K
GC Heap History (20 events):
Event: 4.237 GC heap before
{Heap before GC invocations=10 (full 0):
 garbage-first heap   total 258048K, used 187162K [0x0000000080000000, 0x0000000100000000)
  region size 1024K, 151 young (154624K), 19 survivors (19456K)
 Metaspace       used 79019K, capacity 80485K, committed 80516K, reserved 1120256K
  class space    used 10152K, capacity 10752K, committed 10752K, reserved 1048576K
}
Event: 4.244 GC heap after
{Heap after GC invocations=11 (full 0):
 garbage-first heap   total 258048K, used 57934K [0x0000000080000000, 0x0000000100000000)
  region size 1024K, 7 young (7168K), 7 survivors (7168K)
 Metaspace       used 79019K, capacity 80485K, committed 80516K, reserved 1120256K
  class space    used 10152K, capacity 10752K, committed 10752K, reserved 1048576K
}
Event: 4.846 GC heap before
{Heap before GC invocations=11 (full 0):
 garbage-first heap   total 258048K, used 195150K [0x0000000080000000, 0x0000000100000000)
  region size 1024K, 141 young (144384K), 7 survivors (7168K)
 Metaspace       used 86512K, capacity 87960K, committed 88324K, reserved 1126400K
  class space    used 10928K, capacity 11537K, committed 11648K, reserved 1048576K
}
Event: 4.850 GC heap after
{Heap after GC invocations=12 (full 0):
 garbage-first heap   total 258048K, used 64384K [0x0000000080000000, 0x0000000100000000)
  region size 1024K, 13 young (13312K), 13 survivors (13312K)
 Metaspace       used 86512K, capacity 87960K, committed 88324K, reserved 1126400K
  class space    used 10928K, capacity 11537K, committed 11648K, reserved 1048576K
}
Event: 5.401 GC heap before
{Heap before GC invocations=12 (full 0):
 garbage-first heap   total 258048K, used 199552K [0x0000000080000000, 0x0000000100000000)
  region size 1024K, 146 young (149504K), 13 survivors (13312K)
 Metaspace       used 99604K, capacity 101054K, committed 101124K, reserved 1138688K
  class space    used 12268K, capacity 12895K, committed 12928K, reserved 1048576K
}
Event: 5.414 GC heap after
{Heap after GC invocations=13 (full 0):
 garbage-first heap   total 258048K, used 67674K [0x0000000080000000, 0x0000000100000000)
  region size 1024K, 12 young (12288K), 12 survivors (12288K)
 Metaspace       used 99604K, capacity 101054K, committed 101124K, reserved 1138688K
  class space    used 12268K, capacity 12895K, committed 12928K, reserved 1048576K
}
Event: 6.034 GC heap before
{Heap before GC invocations=14 (full 0):
 garbage-first heap   total 258048K, used 204890K [0x0000000080000000, 0x0000000100000000)
  region size 1024K, 145 young (148480K), 12 survivors (12288K)
 Metaspace       used 106074K, capacity 107804K, committed 107908K, reserved 1142784K
  class space    used 13061K, capacity 13761K, committed 13824K, reserved 1048576K
}
Event: 6.039 GC heap after
{Heap after GC invocations=15 (full 0):
 garbage-first heap   total 258048K, used 77680K [0x0000000080000000, 0x0000000100000000)
  region size 1024K, 14 young (14336K), 14 survivors (14336K)
 Metaspace       used 106074K, capacity 107804K, committed 107908K, reserved 1142784K
  class space    used 13061K, capacity 13761K, committed 13824K, reserved 1048576K
}
Event: 6.837 GC heap before
{Heap before GC invocations=15 (full 0):
 garbage-first heap   total 258048K, used 204656K [0x0000000080000000, 0x0000000100000000)
  region size 1024K, 138 young (141312K), 14 survivors (14336K)
 Metaspace       used 117071K, capacity 119035K, committed 119172K, reserved 1153024K
  class space    used 14512K, capacity 15319K, committed 15360K, reserved 1048576K
}
Event: 6.841 GC heap after
{Heap after GC invocations=16 (full 0):
 garbage-first heap   total 258048K, used 73673K [0x0000000080000000, 0x0000000100000000)
  region size 1024K, 6 young (6144K), 6 survivors (6144K)
 Metaspace       used 117071K, capacity 119035K, committed 119172K, reserved 1153024K
  class space    used 14512K, capacity 15319K, committed 15360K, reserved 1048576K
}
Event: 9.774 GC heap before
{Heap before GC invocations=16 (full 0):
 garbage-first heap   total 258048K, used 205769K [0x0000000080000000, 0x0000000100000000)
  region size 1024K, 135 young (138240K), 6 survivors (6144K)
 Metaspace       used 124027K, capacity 126194K, committed 126468K, reserved 1159168K
  class space    used 15265K, capacity 16160K, committed 16256K, reserved 1048576K
}
Event: 9.777 GC heap after
{Heap after GC invocations=17 (full 0):
 garbage-first heap   total 258048K, used 77310K [0x0000000080000000, 0x0000000100000000)
  region size 1024K, 10 young (10240K), 10 survivors (10240K)
 Metaspace       used 124027K, capacity 126194K, committed 126468K, reserved 1159168K
  class space    used 15265K, capacity 16160K, committed 16256K, reserved 1048576K
}
Event: 17.171 GC heap before
{Heap before GC invocations=17 (full 0):
 garbage-first heap   total 258048K, used 207358K [0x0000000080000000, 0x0000000100000000)
  region size 1024K, 138 young (141312K), 10 survivors (10240K)
 Metaspace       used 125536K, capacity 127656K, committed 128004K, reserved 1161216K
  class space    used 15289K, capacity 16163K, committed 16256K, reserved 1048576K
}
Event: 17.175 GC heap after
{Heap after GC invocations=18 (full 0):
 garbage-first heap   total 258048K, used 80532K [0x0000000080000000, 0x0000000100000000)
  region size 1024K, 13 young (13312K), 13 survivors (13312K)
 Metaspace       used 125536K, capacity 127656K, committed 128004K, reserved 1161216K
  class space    used 15289K, capacity 16163K, committed 16256K, reserved 1048576K
}
Event: 22.560 GC heap before
{Heap before GC invocations=18 (full 0):
 garbage-first heap   total 258048K, used 210580K [0x0000000080000000, 0x0000000100000000)
  region size 1024K, 141 young (144384K), 13 survivors (13312K)
 Metaspace       used 126841K, capacity 129018K, committed 129156K, reserved 1163264K
  class space    used 15405K, capacity 16331K, committed 16384K, reserved 1048576K
}
Event: 22.565 GC heap after
{Heap after GC invocations=19 (full 0):
 garbage-first heap   total 258048K, used 82495K [0x0000000080000000, 0x0000000100000000)
  region size 1024K, 10 young (10240K), 10 survivors (10240K)
 Metaspace       used 126841K, capacity 129018K, committed 129156K, reserved 1163264K
  class space    used 15405K, capacity 16331K, committed 16384K, reserved 1048576K
}
Event: 23.429 GC heap before
{Heap before GC invocations=19 (full 0):
 garbage-first heap   total 258048K, used 213567K [0x0000000080000000, 0x0000000100000000)
  region size 1024K, 139 young (142336K), 10 survivors (10240K)
 Metaspace       used 127180K, capacity 129412K, committed 129668K, reserved 1163264K
  class space    used 15431K, capacity 16343K, committed 16384K, reserved 1048576K
}
Event: 23.432 GC heap after
{Heap after GC invocations=20 (full 0):
 garbage-first heap   total 258048K, used 85269K [0x0000000080000000, 0x0000000100000000)
  region size 1024K, 13 young (13312K), 13 survivors (13312K)
 Metaspace       used 127180K, capacity 129412K, committed 129668K, reserved 1163264K
  class space    used 15431K, capacity 16343K, committed 16384K, reserved 1048576K
}
Event: 23.523 GC heap before
{Heap before GC invocations=20 (full 0):
 garbage-first heap   total 258048K, used 215317K [0x0000000080000000, 0x0000000100000000)
  region size 1024K, 141 young (144384K), 13 survivors (13312K)
 Metaspace       used 127221K, capacity 129416K, committed 129668K, reserved 1163264K
  class space    used 15431K, capacity 16343K, committed 16384K, reserved 1048576K
}
Event: 23.526 GC heap after
{Heap after GC invocations=21 (full 0):
 garbage-first heap   total 258048K, used 83628K [0x0000000080000000, 0x0000000100000000)
  region size 1024K, 8 young (8192K), 8 survivors (8192K)
 Metaspace       used 127221K, capacity 129416K, committed 129668K, reserved 1163264K
  class space    used 15431K, capacity 16343K, committed 16384K, reserved 1048576K
}

